<?xml version="1.0" encoding="UTF-8"?>
<!-- Generated by org.testng.reporters.JUnitReportReporter -->
<testsuite hostname="DESKTOP-OABIMGK" failures="0" tests="1" name="cucumber.TestNGTestRunner" time="9.420" errors="0" timestamp="2022-11-01T11:21:37 MDT" skipped="0">
  <testcase classname="cucumber.TestNGTestRunner" name="runScenario" time="9.420"/>
  <system-out/>
</testsuite> <!-- cucumber.TestNGTestRunner -->
